{
  "stats": {
    "suites": 1,
    "tests": 1,
    "passes": 1,
    "pending": 0,
    "failures": 0,
    "start": "2021-06-20T13:01:18.273Z",
    "end": "2021-06-20T13:01:51.314Z",
    "duration": 33041,
    "testsRegistered": 1,
    "passPercent": 100,
    "pendingPercent": 0,
    "other": 0,
    "hasOther": false,
    "skipped": 0,
    "hasSkipped": false
  },
  "results": [
    {
      "uuid": "89905059-7342-4736-8321-5308562dcf64",
      "title": "",
      "fullFile": "cypress/integration/Practice/angularApplication/framework.spec.js",
      "file": "cypress/integration/Practice/angularApplication/framework.spec.js",
      "beforeHooks": [],
      "afterHooks": [],
      "tests": [],
      "suites": [
        {
          "uuid": "2d98d3ed-903a-46bf-8309-c769a7d32b12",
          "title": "MyFirst suite",
          "fullFile": "",
          "file": "",
          "beforeHooks": [],
          "afterHooks": [],
          "tests": [
            {
              "title": "Test Case",
              "fullTitle": "MyFirst suite Test Case",
              "timedOut": null,
              "duration": 24598,
              "state": "passed",
              "speed": "slow",
              "pass": true,
              "fail": false,
              "pending": false,
              "context": null,
              "code": "const home = new _HomePage.default();\nconst product = new _ProductPage.default();\ncy.visit(Cypress.env(\"url\") + \"/angularpractice/\");\nhome.getName().type(this.data.name);\nhome.getGender().select(this.data.sex);\nhome.getTwoWayBinding().should('have.value', this.data.name);\nhome.getName().should('have.attr', 'minlength', 2);\nhome.getEntrepreneur().should('be.disabled');\nhome.getShop().click();\nthis.data.product.forEach(element => {\n  cy.selectProduct(element);\n});\nproduct.getCheckout().click();\nproduct.getAddedItem().each(($el, index, $list) => {\n  product.getAddedItem().eq(index).should('have.text', this.data.product[index]);\n});\nvar sum = 0;\nproduct.getTotalOfIndivudal().each(($productPrice, index, $list) => {\n  var result = $productPrice.text().split(\" \");\n  result = result[1].trim();\n  sum = Number(sum) + Number(result);\n}).then(function () {\n  cy.log(sum);\n});\nproduct.getTotal().then(function (total) {\n  const check = total.text().split(\" \");\n  expect(Number(check[1].trim())).to.equal(sum);\n});\nproduct.getFinalCheckout().click();\nproduct.getCountry().type('India');\nCypress.config(\"defaultCommandTimeout\", 10000);\nproduct.getSuggestion().click();\nproduct.getTerms().click();\nproduct.getPurchase().click(); // product.getSucessMsg().should('have.text','Success! Thank you! Your order will be delivered in next few weeks :-).')\nproduct.getSucessMsg().then(function (ele) {\n  expect(ele.text().includes('Success')).to.be.true;\n});",
              "err": {},
              "uuid": "180a85d3-7935-40be-a99b-8c16dace013f",
              "parentUUID": "2d98d3ed-903a-46bf-8309-c769a7d32b12",
              "isHook": false,
              "skipped": false
            }
          ],
          "suites": [],
          "passes": [
            "180a85d3-7935-40be-a99b-8c16dace013f"
          ],
          "failures": [],
          "pending": [],
          "skipped": [],
          "duration": 24598,
          "root": false,
          "rootEmpty": false,
          "_timeout": 2000
        }
      ],
      "passes": [],
      "failures": [],
      "pending": [],
      "skipped": [],
      "duration": 0,
      "root": true,
      "rootEmpty": true,
      "_timeout": 2000
    }
  ],
  "meta": {
    "mocha": {
      "version": "7.0.1"
    },
    "mochawesome": {
      "options": {
        "quiet": false,
        "reportFilename": "mochawesome",
        "saveHtml": true,
        "saveJson": true,
        "consoleReporter": "spec",
        "useInlineDiffs": false,
        "code": true
      },
      "version": "6.2.2"
    },
    "marge": {
      "options": null,
      "version": "5.2.0"
    }
  }
}